<?xml version="1.0" encoding="UTF-8"?>
<testng-results skipped="0" failed="2" ignored="0" total="5" passed="3">
  <reporter-output>
  </reporter-output>
  <suite name="Suite" duration-ms="73297" started-at="2023-03-04T18:11:15 BDT" finished-at="2023-03-04T18:12:28 BDT">
    <groups>
      <group name="cucumber">
        <method signature="AbstractTestNGCucumberTests.runScenario(io.cucumber.testng.PickleWrapper, io.cucumber.testng.FeatureWrapper)[pri:0, instance:TestRunner.HybridRunner@6eda5c9]" name="runScenario" class="io.cucumber.testng.AbstractTestNGCucumberTests"/>
      </group> <!-- cucumber -->
    </groups>
    <test name="HybridAutomation" duration-ms="73297" started-at="2023-03-04T18:11:15 BDT" finished-at="2023-03-04T18:12:28 BDT">
      <class name="TestRunner.HybridRunner">
        <test-method status="PASS" signature="setUpClass()[pri:0, instance:TestRunner.HybridRunner@6eda5c9]" name="setUpClass" is-config="true" duration-ms="575" started-at="2023-03-04T18:11:15 BDT" finished-at="2023-03-04T18:11:15 BDT">
          <reporter-output>
          </reporter-output>
        </test-method> <!-- setUpClass -->
        <test-method status="FAIL" signature="runScenario(io.cucumber.testng.PickleWrapper, io.cucumber.testng.FeatureWrapper)[pri:0, instance:TestRunner.HybridRunner@6eda5c9]" name="runScenario" duration-ms="8942" started-at="2023-03-04T18:11:15 BDT" description="Runs Cucumber Scenarios" data-provider="scenarios" finished-at="2023-03-04T18:11:24 BDT">
          <params>
            <param index="0">
              <value>
                <![CDATA["Add new customer into the system"]]>
              </value>
            </param>
            <param index="1">
              <value>
                <![CDATA["Optional[AddCustomer]"]]>
              </value>
            </param>
          </params>
          <exception class="java.lang.NoSuchMethodError">
            <message>
              <![CDATA[org.openqa.selenium.support.ui.WebDriverWait.<init>(Lorg/openqa/selenium/WebDriver;J)V]]>
            </message>
            <full-stacktrace>
              <![CDATA[java.lang.NoSuchMethodError: org.openqa.selenium.support.ui.WebDriverWait.<init>(Lorg/openqa/selenium/WebDriver;J)V
at Core.BrowserClass.alertt(BrowserClass.java:77)
at WebStepDefs.AddStepDefs.clickOk(AddStepDefs.java:39)
at ✽.click ok(file:///D:/Automation%20Practice/Day1/AutomationFramework/HybridFramework/src/test/resources/Feature/01.addcustomer.feature:8)
]]>
            </full-stacktrace>
          </exception> <!-- java.lang.NoSuchMethodError -->
          <reporter-output>
          </reporter-output>
        </test-method> <!-- runScenario -->
        <test-method status="PASS" signature="runScenario(io.cucumber.testng.PickleWrapper, io.cucumber.testng.FeatureWrapper)[pri:0, instance:TestRunner.HybridRunner@6eda5c9]" name="runScenario" duration-ms="2092" started-at="2023-03-04T18:11:24 BDT" description="Runs Cucumber Scenarios" data-provider="scenarios" finished-at="2023-03-04T18:11:27 BDT">
          <params>
            <param index="0">
              <value>
                <![CDATA["api check for pages"]]>
              </value>
            </param>
            <param index="1">
              <value>
                <![CDATA["Optional[API]"]]>
              </value>
            </param>
          </params>
          <reporter-output>
          </reporter-output>
        </test-method> <!-- runScenario -->
        <test-method status="PASS" signature="runScenario(io.cucumber.testng.PickleWrapper, io.cucumber.testng.FeatureWrapper)[pri:0, instance:TestRunner.HybridRunner@6eda5c9]" name="runScenario" duration-ms="754" started-at="2023-03-04T18:11:27 BDT" description="Runs Cucumber Scenarios" data-provider="scenarios" finished-at="2023-03-04T18:11:27 BDT">
          <params>
            <param index="0">
              <value>
                <![CDATA["check user registration successfully"]]>
              </value>
            </param>
            <param index="1">
              <value>
                <![CDATA["Optional[User Registration]"]]>
              </value>
            </param>
          </params>
          <reporter-output>
          </reporter-output>
        </test-method> <!-- runScenario -->
        <test-method status="PASS" signature="runScenario(io.cucumber.testng.PickleWrapper, io.cucumber.testng.FeatureWrapper)[pri:0, instance:TestRunner.HybridRunner@6eda5c9]" name="runScenario" duration-ms="35220" started-at="2023-03-04T18:11:27 BDT" description="Runs Cucumber Scenarios" data-provider="scenarios" finished-at="2023-03-04T18:12:03 BDT">
          <params>
            <param index="0">
              <value>
                <![CDATA["user login"]]>
              </value>
            </param>
            <param index="1">
              <value>
                <![CDATA["Optional[AppTest]"]]>
              </value>
            </param>
          </params>
          <reporter-output>
          </reporter-output>
        </test-method> <!-- runScenario -->
        <test-method status="FAIL" signature="runScenario(io.cucumber.testng.PickleWrapper, io.cucumber.testng.FeatureWrapper)[pri:0, instance:TestRunner.HybridRunner@6eda5c9]" name="runScenario" duration-ms="25602" started-at="2023-03-04T18:12:03 BDT" description="Runs Cucumber Scenarios" data-provider="scenarios" finished-at="2023-03-04T18:12:28 BDT">
          <params>
            <param index="0">
              <value>
                <![CDATA["User make payment"]]>
              </value>
            </param>
            <param index="1">
              <value>
                <![CDATA["Optional[AppAutomation]"]]>
              </value>
            </param>
          </params>
          <exception class="java.lang.NoSuchMethodError">
            <message>
              <![CDATA[org.openqa.selenium.support.ui.WebDriverWait.<init>(Lorg/openqa/selenium/WebDriver;J)V]]>
            </message>
            <full-stacktrace>
              <![CDATA[java.lang.NoSuchMethodError: org.openqa.selenium.support.ui.WebDriverWait.<init>(Lorg/openqa/selenium/WebDriver;J)V
at POM.EriBankWebElement.makePaymentFields(EriBankWebElement.java:61)
at StepDefinition.EriBankMakePaymentStepDefs.userInputPhoneAndNameAndCountry(EriBankMakePaymentStepDefs.java:24)
at ✽.User input '01611' and 'Riyadh' and '50'(file:///D:/Automation%20Practice/Day1/AutomationFramework/HybridFramework/src/test/resources/Feature/05.EriMakePayment.feature:6)
]]>
            </full-stacktrace>
          </exception> <!-- java.lang.NoSuchMethodError -->
          <reporter-output>
          </reporter-output>
        </test-method> <!-- runScenario -->
        <test-method status="PASS" signature="tearDownClass()[pri:0, instance:TestRunner.HybridRunner@6eda5c9]" name="tearDownClass" is-config="true" duration-ms="66" started-at="2023-03-04T18:12:28 BDT" finished-at="2023-03-04T18:12:28 BDT">
          <reporter-output>
          </reporter-output>
        </test-method> <!-- tearDownClass -->
      </class> <!-- TestRunner.HybridRunner -->
    </test> <!-- HybridAutomation -->
  </suite> <!-- Suite -->
</testng-results>
